0 info it worked if it ends with ok
1 verbose cli [ 'F:\\Soft\\nodejs\\node.exe',
1 verbose cli   'F:\\Soft\\nodejs\\node_modules\\npm\\bin\\npm-cli.js',
1 verbose cli   'publish' ]
2 info using npm@3.8.6
3 info using node@v5.11.0
4 verbose publish [ '.' ]
5 verbose stack Error: Invalid version: "0.1"
5 verbose stack     at Object.module.exports.fixVersionField (F:\Soft\nodejs\node_modules\npm\node_modules\normalize-package-data\lib\fixer.js:191:13)
5 verbose stack     at F:\Soft\nodejs\node_modules\npm\node_modules\normalize-package-data\lib\normalize.js:32:38
5 verbose stack     at Array.forEach (native)
5 verbose stack     at normalize (F:\Soft\nodejs\node_modules\npm\node_modules\normalize-package-data\lib\normalize.js:31:15)
5 verbose stack     at final (F:\Soft\nodejs\node_modules\npm\node_modules\read-package-json\read-json.js:338:5)
5 verbose stack     at then (F:\Soft\nodejs\node_modules\npm\node_modules\read-package-json\read-json.js:113:5)
5 verbose stack     at F:\Soft\nodejs\node_modules\npm\node_modules\read-package-json\read-json.js:300:12
5 verbose stack     at F:\Soft\nodejs\node_modules\npm\node_modules\graceful-fs\graceful-fs.js:78:16
5 verbose stack     at tryToString (fs.js:414:3)
5 verbose stack     at FSReqWrap.readFileAfterClose [as oncomplete] (fs.js:401:12)
6 verbose cwd D:\Soft\xampp\htdocs\90phut.pc\src\cas
7 error Windows_NT 10.0.10586
8 error argv "F:\\Soft\\nodejs\\node.exe" "F:\\Soft\\nodejs\\node_modules\\npm\\bin\\npm-cli.js" "publish"
9 error node v5.11.0
10 error npm  v3.8.6
11 error Invalid version: "0.1"
12 error If you need help, you may report this error at:
12 error     <https://github.com/npm/npm/issues>
13 verbose exit [ 1, true ]
